{"uid":"1e9e086e2da5132c","name":"Change profile name","fullName":"tests.feature_profile_test.TestProfileFeature#test_change_profile_name","historyId":"42b4a115007c35c622675a0baedb491a","time":{"start":1709623718398,"stop":1709623723661,"duration":5263},"status":"broken","statusMessage":"selenium.common.exceptions.ElementClickInterceptedException: Message: element click intercepted: Element <button type=\"submit\" class=\"oxd-button oxd-button--medium oxd-button--secondary orangehrm-left-space\" data-v-10d463b7=\"\" data-v-8c6e0396=\"\">...</button> is not clickable at point (1783, 709). Other element would receive the click: <div class=\"oxd-form-loader\" data-v-d5bfe35b=\"\">...</div>\n  (Session info: chrome-headless-shell=122.0.6261.95)\nStacktrace:\n\tGetHandleVerifier [0x007C8C93+51395]\n\t(No symbol) [0x00735EF1]\n\t(No symbol) [0x005EE13A]\n\t(No symbol) [0x0062B8A2]\n\t(No symbol) [0x0062A0D4]\n\t(No symbol) [0x0062813B]\n\t(No symbol) [0x0062731A]\n\t(No symbol) [0x0061E54E]\n\t(No symbol) [0x00643E8C]\n\t(No symbol) [0x0061DF7E]\n\t(No symbol) [0x00644124]\n\t(No symbol) [0x0065A570]\n\t(No symbol) [0x00643C26]\n\t(No symbol) [0x0061C629]\n\t(No symbol) [0x0061D40D]\n\tGetHandleVerifier [0x00B46453+3711107]\n\tGetHandleVerifier [0x00B8583A+3970154]\n\tGetHandleVerifier [0x00B80B28+3950424]\n\tGetHandleVerifier [0x00879C99+776393]\n\t(No symbol) [0x007416C4]\n\t(No symbol) [0x0073C5A8]\n\t(No symbol) [0x0073C759]\n\t(No symbol) [0x0072DD80]\n\tBaseThreadInitThunk [0x762EFCC9+25]\n\tRtlGetAppContainerNamedObjectPath [0x77A17C5E+286]\n\tRtlGetAppContainerNamedObjectPath [0x77A17C2E+238]","statusTrace":"self = <feature_profile_test.TestProfileFeature object at 0x00000236F333DB90>\n\n    @allure.title(\"Change profile name\")\n    @allure.severity(\"Critical\")\n    @pytest.mark.smoke\n    def test_change_profile_name(self):\n        self.login_page.open()\n        self.login_page.enter_login(self.data.LOGIN)\n        self.login_page.enter_password(self.data.PASSWORD)\n        self.login_page.click_submit_button()\n        self.dashboard_page.is_opened()\n        self.dashboard_page.click_my_info_button()\n        self.personal_page.is_opened()\n        self.personal_page.change_name(f\"Tester {random.randint(1, 100)}.\")\n>       self.personal_page.save_changes()\n\ntests\\feature_profile_test.py:21: \n_ _ _ _ _ _ _ _ _ _ _ _ _ _ _ _ _ _ _ _ _ _ _ _ _ _ _ _ _ _ _ _ _ _ _ _ _ _ _ _ _ _ _ _ _ _ _ _ _ _ _ _ _ _ _ _ _ _ _ _ _ _ _ _ _ _ _ _ _ _ _ _ _ _ _ _ _ _ _ \npages\\personal_page.py:22: in save_changes\n    self.is_clickable(\"xpath\", self.save_personal_fields_button).click()\n.venv\\Lib\\site-packages\\selenium\\webdriver\\remote\\webelement.py:94: in click\n    self._execute(Command.CLICK_ELEMENT)\n.venv\\Lib\\site-packages\\selenium\\webdriver\\remote\\webelement.py:395: in _execute\n    return self._parent.execute(command, params)\n.venv\\Lib\\site-packages\\selenium\\webdriver\\remote\\webdriver.py:347: in execute\n    self.error_handler.check_response(response)\n_ _ _ _ _ _ _ _ _ _ _ _ _ _ _ _ _ _ _ _ _ _ _ _ _ _ _ _ _ _ _ _ _ _ _ _ _ _ _ _ _ _ _ _ _ _ _ _ _ _ _ _ _ _ _ _ _ _ _ _ _ _ _ _ _ _ _ _ _ _ _ _ _ _ _ _ _ _ _ \n\nself = <selenium.webdriver.remote.errorhandler.ErrorHandler object at 0x00000236F4068D10>\nresponse = {'status': 400, 'value': '{\"value\":{\"error\":\"element click intercepted\",\"message\":\"element click intercepted: Element ...\\n\\\\tRtlGetAppContainerNamedObjectPath [0x77A17C5E+286]\\\\n\\\\tRtlGetAppContainerNamedObjectPath [0x77A17C2E+238]\\\\n\"}}'}\n\n    def check_response(self, response: Dict[str, Any]) -> None:\n        \"\"\"Checks that a JSON response from the WebDriver does not have an\n        error.\n    \n        :Args:\n         - response - The JSON response from the WebDriver server as a dictionary\n           object.\n    \n        :Raises: If the response contains an error message.\n        \"\"\"\n        status = response.get(\"status\", None)\n        if not status or status == ErrorCode.SUCCESS:\n            return\n        value = None\n        message = response.get(\"message\", \"\")\n        screen: str = response.get(\"screen\", \"\")\n        stacktrace = None\n        if isinstance(status, int):\n            value_json = response.get(\"value\", None)\n            if value_json and isinstance(value_json, str):\n                import json\n    \n                try:\n                    value = json.loads(value_json)\n                    if len(value) == 1:\n                        value = value[\"value\"]\n                    status = value.get(\"error\", None)\n                    if not status:\n                        status = value.get(\"status\", ErrorCode.UNKNOWN_ERROR)\n                        message = value.get(\"value\") or value.get(\"message\")\n                        if not isinstance(message, str):\n                            value = message\n                            message = message.get(\"message\")\n                    else:\n                        message = value.get(\"message\", None)\n                except ValueError:\n                    pass\n    \n        exception_class: Type[WebDriverException]\n        e = ErrorCode()\n        error_codes = [item for item in dir(e) if not item.startswith(\"__\")]\n        for error_code in error_codes:\n            error_info = getattr(ErrorCode, error_code)\n            if isinstance(error_info, list) and status in error_info:\n                exception_class = getattr(ExceptionMapping, error_code, WebDriverException)\n                break\n        else:\n            exception_class = WebDriverException\n    \n        if not value:\n            value = response[\"value\"]\n        if isinstance(value, str):\n            raise exception_class(value)\n        if message == \"\" and \"message\" in value:\n            message = value[\"message\"]\n    \n        screen = None  # type: ignore[assignment]\n        if \"screen\" in value:\n            screen = value[\"screen\"]\n    \n        stacktrace = None\n        st_value = value.get(\"stackTrace\") or value.get(\"stacktrace\")\n        if st_value:\n            if isinstance(st_value, str):\n                stacktrace = st_value.split(\"\\n\")\n            else:\n                stacktrace = []\n                try:\n                    for frame in st_value:\n                        line = frame.get(\"lineNumber\", \"\")\n                        file = frame.get(\"fileName\", \"<anonymous>\")\n                        if line:\n                            file = f\"{file}:{line}\"\n                        meth = frame.get(\"methodName\", \"<anonymous>\")\n                        if \"className\" in frame:\n                            meth = f\"{frame['className']}.{meth}\"\n                        msg = \"    at %s (%s)\"\n                        msg = msg % (meth, file)\n                        stacktrace.append(msg)\n                except TypeError:\n                    pass\n        if exception_class == UnexpectedAlertPresentException:\n            alert_text = None\n            if \"data\" in value:\n                alert_text = value[\"data\"].get(\"text\")\n            elif \"alert\" in value:\n                alert_text = value[\"alert\"].get(\"text\")\n            raise exception_class(message, screen, stacktrace, alert_text)  # type: ignore[call-arg]  # mypy is not smart enough here\n>       raise exception_class(message, screen, stacktrace)\nE       selenium.common.exceptions.ElementClickInterceptedException: Message: element click intercepted: Element <button type=\"submit\" class=\"oxd-button oxd-button--medium oxd-button--secondary orangehrm-left-space\" data-v-10d463b7=\"\" data-v-8c6e0396=\"\">...</button> is not clickable at point (1783, 709). Other element would receive the click: <div class=\"oxd-form-loader\" data-v-d5bfe35b=\"\">...</div>\nE         (Session info: chrome-headless-shell=122.0.6261.95)\nE       Stacktrace:\nE       \tGetHandleVerifier [0x007C8C93+51395]\nE       \t(No symbol) [0x00735EF1]\nE       \t(No symbol) [0x005EE13A]\nE       \t(No symbol) [0x0062B8A2]\nE       \t(No symbol) [0x0062A0D4]\nE       \t(No symbol) [0x0062813B]\nE       \t(No symbol) [0x0062731A]\nE       \t(No symbol) [0x0061E54E]\nE       \t(No symbol) [0x00643E8C]\nE       \t(No symbol) [0x0061DF7E]\nE       \t(No symbol) [0x00644124]\nE       \t(No symbol) [0x0065A570]\nE       \t(No symbol) [0x00643C26]\nE       \t(No symbol) [0x0061C629]\nE       \t(No symbol) [0x0061D40D]\nE       \tGetHandleVerifier [0x00B46453+3711107]\nE       \tGetHandleVerifier [0x00B8583A+3970154]\nE       \tGetHandleVerifier [0x00B80B28+3950424]\nE       \tGetHandleVerifier [0x00879C99+776393]\nE       \t(No symbol) [0x007416C4]\nE       \t(No symbol) [0x0073C5A8]\nE       \t(No symbol) [0x0073C759]\nE       \t(No symbol) [0x0072DD80]\nE       \tBaseThreadInitThunk [0x762EFCC9+25]\nE       \tRtlGetAppContainerNamedObjectPath [0x77A17C5E+286]\nE       \tRtlGetAppContainerNamedObjectPath [0x77A17C2E+238]\n\n.venv\\Lib\\site-packages\\selenium\\webdriver\\remote\\errorhandler.py:229: ElementClickInterceptedException","flaky":false,"newFailed":false,"newBroken":true,"newPassed":false,"retriesCount":4,"retriesStatusChange":true,"beforeStages":[{"name":"driver","time":{"start":1709623707636,"stop":1709623717472,"duration":9836},"status":"passed","steps":[],"attachments":[],"parameters":[],"hasContent":false,"shouldDisplayMessage":false,"attachmentsCount":0,"stepsCount":0,"attachmentStep":false},{"name":"setup_test_function","time":{"start":1709623717472,"stop":1709623718398,"duration":926},"status":"passed","steps":[],"attachments":[],"parameters":[],"hasContent":false,"shouldDisplayMessage":false,"attachmentsCount":0,"stepsCount":0,"attachmentStep":false},{"name":"setup","time":{"start":1709623718398,"stop":1709623718398,"duration":0},"status":"passed","steps":[],"attachments":[],"parameters":[],"hasContent":false,"shouldDisplayMessage":false,"attachmentsCount":0,"stepsCount":0,"attachmentStep":false}],"testStage":{"status":"broken","statusMessage":"selenium.common.exceptions.ElementClickInterceptedException: Message: element click intercepted: Element <button type=\"submit\" class=\"oxd-button oxd-button--medium oxd-button--secondary orangehrm-left-space\" data-v-10d463b7=\"\" data-v-8c6e0396=\"\">...</button> is not clickable at point (1783, 709). Other element would receive the click: <div class=\"oxd-form-loader\" data-v-d5bfe35b=\"\">...</div>\n  (Session info: chrome-headless-shell=122.0.6261.95)\nStacktrace:\n\tGetHandleVerifier [0x007C8C93+51395]\n\t(No symbol) [0x00735EF1]\n\t(No symbol) [0x005EE13A]\n\t(No symbol) [0x0062B8A2]\n\t(No symbol) [0x0062A0D4]\n\t(No symbol) [0x0062813B]\n\t(No symbol) [0x0062731A]\n\t(No symbol) [0x0061E54E]\n\t(No symbol) [0x00643E8C]\n\t(No symbol) [0x0061DF7E]\n\t(No symbol) [0x00644124]\n\t(No symbol) [0x0065A570]\n\t(No symbol) [0x00643C26]\n\t(No symbol) [0x0061C629]\n\t(No symbol) [0x0061D40D]\n\tGetHandleVerifier [0x00B46453+3711107]\n\tGetHandleVerifier [0x00B8583A+3970154]\n\tGetHandleVerifier [0x00B80B28+3950424]\n\tGetHandleVerifier [0x00879C99+776393]\n\t(No symbol) [0x007416C4]\n\t(No symbol) [0x0073C5A8]\n\t(No symbol) [0x0073C759]\n\t(No symbol) [0x0072DD80]\n\tBaseThreadInitThunk [0x762EFCC9+25]\n\tRtlGetAppContainerNamedObjectPath [0x77A17C5E+286]\n\tRtlGetAppContainerNamedObjectPath [0x77A17C2E+238]","statusTrace":"self = <feature_profile_test.TestProfileFeature object at 0x00000236F333DB90>\n\n    @allure.title(\"Change profile name\")\n    @allure.severity(\"Critical\")\n    @pytest.mark.smoke\n    def test_change_profile_name(self):\n        self.login_page.open()\n        self.login_page.enter_login(self.data.LOGIN)\n        self.login_page.enter_password(self.data.PASSWORD)\n        self.login_page.click_submit_button()\n        self.dashboard_page.is_opened()\n        self.dashboard_page.click_my_info_button()\n        self.personal_page.is_opened()\n        self.personal_page.change_name(f\"Tester {random.randint(1, 100)}.\")\n>       self.personal_page.save_changes()\n\ntests\\feature_profile_test.py:21: \n_ _ _ _ _ _ _ _ _ _ _ _ _ _ _ _ _ _ _ _ _ _ _ _ _ _ _ _ _ _ _ _ _ _ _ _ _ _ _ _ _ _ _ _ _ _ _ _ _ _ _ _ _ _ _ _ _ _ _ _ _ _ _ _ _ _ _ _ _ _ _ _ _ _ _ _ _ _ _ \npages\\personal_page.py:22: in save_changes\n    self.is_clickable(\"xpath\", self.save_personal_fields_button).click()\n.venv\\Lib\\site-packages\\selenium\\webdriver\\remote\\webelement.py:94: in click\n    self._execute(Command.CLICK_ELEMENT)\n.venv\\Lib\\site-packages\\selenium\\webdriver\\remote\\webelement.py:395: in _execute\n    return self._parent.execute(command, params)\n.venv\\Lib\\site-packages\\selenium\\webdriver\\remote\\webdriver.py:347: in execute\n    self.error_handler.check_response(response)\n_ _ _ _ _ _ _ _ _ _ _ _ _ _ _ _ _ _ _ _ _ _ _ _ _ _ _ _ _ _ _ _ _ _ _ _ _ _ _ _ _ _ _ _ _ _ _ _ _ _ _ _ _ _ _ _ _ _ _ _ _ _ _ _ _ _ _ _ _ _ _ _ _ _ _ _ _ _ _ \n\nself = <selenium.webdriver.remote.errorhandler.ErrorHandler object at 0x00000236F4068D10>\nresponse = {'status': 400, 'value': '{\"value\":{\"error\":\"element click intercepted\",\"message\":\"element click intercepted: Element ...\\n\\\\tRtlGetAppContainerNamedObjectPath [0x77A17C5E+286]\\\\n\\\\tRtlGetAppContainerNamedObjectPath [0x77A17C2E+238]\\\\n\"}}'}\n\n    def check_response(self, response: Dict[str, Any]) -> None:\n        \"\"\"Checks that a JSON response from the WebDriver does not have an\n        error.\n    \n        :Args:\n         - response - The JSON response from the WebDriver server as a dictionary\n           object.\n    \n        :Raises: If the response contains an error message.\n        \"\"\"\n        status = response.get(\"status\", None)\n        if not status or status == ErrorCode.SUCCESS:\n            return\n        value = None\n        message = response.get(\"message\", \"\")\n        screen: str = response.get(\"screen\", \"\")\n        stacktrace = None\n        if isinstance(status, int):\n            value_json = response.get(\"value\", None)\n            if value_json and isinstance(value_json, str):\n                import json\n    \n                try:\n                    value = json.loads(value_json)\n                    if len(value) == 1:\n                        value = value[\"value\"]\n                    status = value.get(\"error\", None)\n                    if not status:\n                        status = value.get(\"status\", ErrorCode.UNKNOWN_ERROR)\n                        message = value.get(\"value\") or value.get(\"message\")\n                        if not isinstance(message, str):\n                            value = message\n                            message = message.get(\"message\")\n                    else:\n                        message = value.get(\"message\", None)\n                except ValueError:\n                    pass\n    \n        exception_class: Type[WebDriverException]\n        e = ErrorCode()\n        error_codes = [item for item in dir(e) if not item.startswith(\"__\")]\n        for error_code in error_codes:\n            error_info = getattr(ErrorCode, error_code)\n            if isinstance(error_info, list) and status in error_info:\n                exception_class = getattr(ExceptionMapping, error_code, WebDriverException)\n                break\n        else:\n            exception_class = WebDriverException\n    \n        if not value:\n            value = response[\"value\"]\n        if isinstance(value, str):\n            raise exception_class(value)\n        if message == \"\" and \"message\" in value:\n            message = value[\"message\"]\n    \n        screen = None  # type: ignore[assignment]\n        if \"screen\" in value:\n            screen = value[\"screen\"]\n    \n        stacktrace = None\n        st_value = value.get(\"stackTrace\") or value.get(\"stacktrace\")\n        if st_value:\n            if isinstance(st_value, str):\n                stacktrace = st_value.split(\"\\n\")\n            else:\n                stacktrace = []\n                try:\n                    for frame in st_value:\n                        line = frame.get(\"lineNumber\", \"\")\n                        file = frame.get(\"fileName\", \"<anonymous>\")\n                        if line:\n                            file = f\"{file}:{line}\"\n                        meth = frame.get(\"methodName\", \"<anonymous>\")\n                        if \"className\" in frame:\n                            meth = f\"{frame['className']}.{meth}\"\n                        msg = \"    at %s (%s)\"\n                        msg = msg % (meth, file)\n                        stacktrace.append(msg)\n                except TypeError:\n                    pass\n        if exception_class == UnexpectedAlertPresentException:\n            alert_text = None\n            if \"data\" in value:\n                alert_text = value[\"data\"].get(\"text\")\n            elif \"alert\" in value:\n                alert_text = value[\"alert\"].get(\"text\")\n            raise exception_class(message, screen, stacktrace, alert_text)  # type: ignore[call-arg]  # mypy is not smart enough here\n>       raise exception_class(message, screen, stacktrace)\nE       selenium.common.exceptions.ElementClickInterceptedException: Message: element click intercepted: Element <button type=\"submit\" class=\"oxd-button oxd-button--medium oxd-button--secondary orangehrm-left-space\" data-v-10d463b7=\"\" data-v-8c6e0396=\"\">...</button> is not clickable at point (1783, 709). Other element would receive the click: <div class=\"oxd-form-loader\" data-v-d5bfe35b=\"\">...</div>\nE         (Session info: chrome-headless-shell=122.0.6261.95)\nE       Stacktrace:\nE       \tGetHandleVerifier [0x007C8C93+51395]\nE       \t(No symbol) [0x00735EF1]\nE       \t(No symbol) [0x005EE13A]\nE       \t(No symbol) [0x0062B8A2]\nE       \t(No symbol) [0x0062A0D4]\nE       \t(No symbol) [0x0062813B]\nE       \t(No symbol) [0x0062731A]\nE       \t(No symbol) [0x0061E54E]\nE       \t(No symbol) [0x00643E8C]\nE       \t(No symbol) [0x0061DF7E]\nE       \t(No symbol) [0x00644124]\nE       \t(No symbol) [0x0065A570]\nE       \t(No symbol) [0x00643C26]\nE       \t(No symbol) [0x0061C629]\nE       \t(No symbol) [0x0061D40D]\nE       \tGetHandleVerifier [0x00B46453+3711107]\nE       \tGetHandleVerifier [0x00B8583A+3970154]\nE       \tGetHandleVerifier [0x00B80B28+3950424]\nE       \tGetHandleVerifier [0x00879C99+776393]\nE       \t(No symbol) [0x007416C4]\nE       \t(No symbol) [0x0073C5A8]\nE       \t(No symbol) [0x0073C759]\nE       \t(No symbol) [0x0072DD80]\nE       \tBaseThreadInitThunk [0x762EFCC9+25]\nE       \tRtlGetAppContainerNamedObjectPath [0x77A17C5E+286]\nE       \tRtlGetAppContainerNamedObjectPath [0x77A17C2E+238]\n\n.venv\\Lib\\site-packages\\selenium\\webdriver\\remote\\errorhandler.py:229: ElementClickInterceptedException","steps":[{"name":"Open https://opensource-demo.orangehrmlive.com/web/index.php/auth/login page","time":{"start":1709623718398,"stop":1709623718724,"duration":326},"status":"passed","steps":[],"attachments":[],"parameters":[],"hasContent":false,"shouldDisplayMessage":false,"attachmentsCount":0,"stepsCount":0,"attachmentStep":false},{"name":"Enter login","time":{"start":1709623718724,"stop":1709623719194,"duration":470},"status":"passed","steps":[],"attachments":[],"parameters":[{"name":"login","value":"'Admin'"}],"hasContent":true,"shouldDisplayMessage":false,"attachmentsCount":0,"stepsCount":0,"attachmentStep":false},{"name":"Enter password","time":{"start":1709623719194,"stop":1709623719231,"duration":37},"status":"passed","steps":[],"attachments":[],"parameters":[{"name":"password","value":"'admin123'"}],"hasContent":true,"shouldDisplayMessage":false,"attachmentsCount":0,"stepsCount":0,"attachmentStep":false},{"name":"Click submit button","time":{"start":1709623719231,"stop":1709623719264,"duration":33},"status":"passed","steps":[],"attachments":[],"parameters":[],"hasContent":false,"shouldDisplayMessage":false,"attachmentsCount":0,"stepsCount":0,"attachmentStep":false},{"name":"Page https://opensource-demo.orangehrmlive.com/web/index.php/dashboard/index is opened.","time":{"start":1709623719264,"stop":1709623720599,"duration":1335},"status":"passed","steps":[],"attachments":[],"parameters":[],"hasContent":false,"shouldDisplayMessage":false,"attachmentsCount":0,"stepsCount":0,"attachmentStep":false},{"name":"Click on 'My Info' button'","time":{"start":1709623720599,"stop":1709623722306,"duration":1707},"status":"passed","steps":[],"attachments":[],"parameters":[],"hasContent":false,"shouldDisplayMessage":false,"attachmentsCount":0,"stepsCount":0,"attachmentStep":false},{"name":"Page https://opensource-demo.orangehrmlive.com/web/index.php/pim/viewPersonalDetails/empNumber/7 is opened.","time":{"start":1709623722306,"stop":1709623722309,"duration":3},"status":"passed","steps":[],"attachments":[],"parameters":[],"hasContent":false,"shouldDisplayMessage":false,"attachmentsCount":0,"stepsCount":0,"attachmentStep":false},{"name":"Change name'","time":{"start":1709623722309,"stop":1709623722623,"duration":314},"status":"passed","steps":[{"name":"Change name on 'Tester 33.'","time":{"start":1709623722309,"stop":1709623722623,"duration":314},"status":"passed","steps":[],"attachments":[],"parameters":[],"hasContent":false,"shouldDisplayMessage":false,"attachmentsCount":0,"stepsCount":0,"attachmentStep":false}],"attachments":[],"parameters":[{"name":"new_name","value":"'Tester 33.'"}],"hasContent":true,"shouldDisplayMessage":false,"attachmentsCount":0,"stepsCount":1,"attachmentStep":false},{"name":"Save changes","time":{"start":1709623722623,"stop":1709623723660,"duration":1037},"status":"broken","statusMessage":"selenium.common.exceptions.ElementClickInterceptedException: Message: element click intercepted: Element <button type=\"submit\" class=\"oxd-button oxd-button--medium oxd-button--secondary orangehrm-left-space\" data-v-10d463b7=\"\" data-v-8c6e0396=\"\">...</button> is not clickable at point (1783, 709). Other element would receive the click: <div class=\"oxd-form-loader\" data-v-d5bfe35b=\"\">...</div>\n  (Session info: chrome-headless-shell=122.0.6261.95)\nStacktrace:\n\tGetHandleVerifier [0x007C8C93+51395]\n\t(No symbol) [0x00735EF1]\n\t(No symbol) [0x005EE13A]\n\t(No symbol) [0x0062B8A2]\n\t(No symbol) [0x0062A0D4]\n\t(No symbol) [0x0062813B]\n\t(No symbol) [0x0062731A]\n\t(No symbol) [0x0061E54E]\n\t(No symbol) [0x00643E8C]\n\t(No symbol) [0x0061DF7E]\n\t(No symbol) [0x00644124]\n\t(No symbol) [0x0065A570]\n\t(No symbol) [0x00643C26]\n\t(No symbol) [0x0061C629]\n\t(No symbol) [0x0061D40D]\n\tGetHandleVerifier [0x00B46453+3711107]\n\tGetHandleVerifier [0x00B8583A+3970154]\n\tGetHandleVerifier [0x00B80B28+3950424]\n\tGetHandleVerifier [0x00879C99+776393]\n\t(No symbol) [0x007416C4]\n\t(No symbol) [0x0073C5A8]\n\t(No symbol) [0x0073C759]\n\t(No symbol) [0x0072DD80]\n\tBaseThreadInitThunk [0x762EFCC9+25]\n\tRtlGetAppContainerNamedObjectPath [0x77A17C5E+286]\n\tRtlGetAppContainerNamedObjectPath [0x77A17C2E+238]\n\n","statusTrace":"  File \"C:\\Users\\kovzelys\\PycharmProjects\\Template_for_simple_tests\\.venv\\Lib\\site-packages\\allure_commons\\_allure.py\", line 192, in impl\n    return func(*a, **kw)\n           ^^^^^^^^^^^^^^\n  File \"C:\\Users\\kovzelys\\PycharmProjects\\Template_for_simple_tests\\pages\\personal_page.py\", line 22, in save_changes\n    self.is_clickable(\"xpath\", self.save_personal_fields_button).click()\n  File \"C:\\Users\\kovzelys\\PycharmProjects\\Template_for_simple_tests\\.venv\\Lib\\site-packages\\selenium\\webdriver\\remote\\webelement.py\", line 94, in click\n    self._execute(Command.CLICK_ELEMENT)\n  File \"C:\\Users\\kovzelys\\PycharmProjects\\Template_for_simple_tests\\.venv\\Lib\\site-packages\\selenium\\webdriver\\remote\\webelement.py\", line 395, in _execute\n    return self._parent.execute(command, params)\n           ^^^^^^^^^^^^^^^^^^^^^^^^^^^^^^^^^^^^^\n  File \"C:\\Users\\kovzelys\\PycharmProjects\\Template_for_simple_tests\\.venv\\Lib\\site-packages\\selenium\\webdriver\\remote\\webdriver.py\", line 347, in execute\n    self.error_handler.check_response(response)\n  File \"C:\\Users\\kovzelys\\PycharmProjects\\Template_for_simple_tests\\.venv\\Lib\\site-packages\\selenium\\webdriver\\remote\\errorhandler.py\", line 229, in check_response\n    raise exception_class(message, screen, stacktrace)\n","steps":[],"attachments":[],"parameters":[],"hasContent":true,"shouldDisplayMessage":true,"attachmentsCount":0,"stepsCount":0,"attachmentStep":false}],"attachments":[{"uid":"bad17967e9dd670a","name":"browser_logs","source":"bad17967e9dd670a.txt","type":"text/plain","size":2},{"uid":"e28af11b2e5e9a27","name":"error_details","source":"e28af11b2e5e9a27.txt","type":"text/plain","size":7204},{"uid":"103bd6aee6423b49","name":"screenshot","source":"103bd6aee6423b49.png","type":"image/png","size":167172}],"parameters":[],"hasContent":true,"shouldDisplayMessage":true,"attachmentsCount":3,"stepsCount":10,"attachmentStep":false},"afterStages":[{"name":"setup_test_function::0","time":{"start":1709623723839,"stop":1709623723839,"duration":0},"status":"passed","steps":[],"attachments":[],"parameters":[],"hasContent":false,"shouldDisplayMessage":false,"attachmentsCount":0,"stepsCount":0,"attachmentStep":false},{"name":"driver::0","time":{"start":1709623723840,"stop":1709623725974,"duration":2134},"status":"passed","steps":[],"attachments":[],"parameters":[],"hasContent":false,"shouldDisplayMessage":false,"attachmentsCount":0,"stepsCount":0,"attachmentStep":false}],"labels":[{"name":"severity","value":"Critical"},{"name":"feature","value":"Profile Functionality"},{"name":"tag","value":"smoke"},{"name":"parentSuite","value":"tests"},{"name":"suite","value":"feature_profile_test"},{"name":"subSuite","value":"TestProfileFeature"},{"name":"host","value":"DESKTOP-6PBM5NM"},{"name":"thread","value":"11756-MainThread"},{"name":"framework","value":"pytest"},{"name":"language","value":"cpython3"},{"name":"package","value":"tests.feature_profile_test"},{"name":"resultFormat","value":"allure2"}],"parameters":[],"links":[],"hidden":false,"retry":false,"extra":{"severity":"critical","retries":[{"uid":"6809d7425ea72ee6","status":"passed","time":{"start":1709623575339,"stop":1709623580909,"duration":5570}},{"uid":"3f48e9f90df94034","status":"passed","time":{"start":1709623191051,"stop":1709623195943,"duration":4892}},{"uid":"27ff7c1ea34584d8","status":"passed","time":{"start":1709623097306,"stop":1709623102362,"duration":5056}},{"uid":"24fad1b2b8a48012","status":"passed","time":{"start":1709622331289,"stop":1709622336543,"duration":5254}}],"categories":[{"name":"Test defects","matchedStatuses":[],"flaky":false}],"history":{"statistic":{"failed":0,"broken":1,"skipped":0,"passed":1,"unknown":0,"total":2},"items":[{"uid":"fd67cb341202eb42","status":"passed","time":{"start":1709622331289,"stop":1709622336543,"duration":5254}}]},"tags":["smoke"]},"source":"1e9e086e2da5132c.json","parameterValues":[]}